<?xml version="1.0" encoding="UTF-8"?>
<testng-results ignored="0" total="2" passed="2" failed="0" skipped="0">
  <reporter-output>
  </reporter-output>
  <suite started-at="2022-03-15T10:50:55 IST" name="Suite" finished-at="2022-03-15T10:52:28 IST" duration-ms="93271">
    <groups>
    </groups>
    <test started-at="2022-03-15T10:50:55 IST" name="VehicleInsuranceTest" finished-at="2022-03-15T10:52:28 IST" duration-ms="93271">
      <class name="TestCases.BaseTest">
        <test-method is-config="true" signature="setup()[pri:0, instance:TestCases.BaseTest@7f485fda]" started-at="2022-03-15T10:50:55 IST" name="setup" finished-at="2022-03-15T10:51:14 IST" duration-ms="18515" status="PASS">
          <reporter-output>
          </reporter-output>
        </test-method> <!-- setup -->
        <test-method signature="baseTest()[pri:0, instance:TestCases.BaseTest@7f485fda]" started-at="2022-03-15T10:51:14 IST" name="baseTest" finished-at="2022-03-15T10:52:28 IST" duration-ms="74529" status="PASS">
          <reporter-output>
          </reporter-output>
        </test-method> <!-- baseTest -->
        <test-method signature="sample()[pri:0, instance:TestCases.BaseTest@7f485fda]" started-at="2022-03-15T10:52:28 IST" name="sample" finished-at="2022-03-15T10:52:28 IST" duration-ms="2" status="PASS">
          <reporter-output>
          </reporter-output>
        </test-method> <!-- sample -->
      </class> <!-- TestCases.BaseTest -->
    </test> <!-- VehicleInsuranceTest -->
  </suite> <!-- Suite -->
</testng-results>
