<?xml version="1.0" encoding="UTF-8"?>
<testng-results ignored="0" total="2" passed="2" failed="0" skipped="0">
  <reporter-output>
  </reporter-output>
  <suite started-at="2022-03-30T10:26:49 IST" name="Suite" finished-at="2022-03-30T10:28:20 IST" duration-ms="90703">
    <groups>
    </groups>
    <test started-at="2022-03-30T10:26:49 IST" name="VehicleInsuranceTest" finished-at="2022-03-30T10:28:20 IST" duration-ms="90703">
      <class name="TestCases.BaseTest">
        <test-method is-config="true" signature="setup()[pri:0, instance:TestCases.BaseTest@2dfaea86]" started-at="2022-03-30T10:26:49 IST" name="setup" finished-at="2022-03-30T10:27:05 IST" duration-ms="15491" status="PASS">
          <reporter-output>
          </reporter-output>
        </test-method> <!-- setup -->
        <test-method signature="baseTest()[pri:0, instance:TestCases.BaseTest@2dfaea86]" started-at="2022-03-30T10:27:05 IST" name="baseTest" finished-at="2022-03-30T10:28:20 IST" duration-ms="75079" status="PASS">
          <reporter-output>
          </reporter-output>
        </test-method> <!-- baseTest -->
        <test-method signature="sample()[pri:0, instance:TestCases.BaseTest@2dfaea86]" started-at="2022-03-30T10:28:20 IST" name="sample" finished-at="2022-03-30T10:28:20 IST" duration-ms="3" status="PASS">
          <reporter-output>
          </reporter-output>
        </test-method> <!-- sample -->
      </class> <!-- TestCases.BaseTest -->
    </test> <!-- VehicleInsuranceTest -->
  </suite> <!-- Suite -->
</testng-results>
